Node: v5.9.1
npm: v3.8.3
Installing build modules...
=> Took 220793ms.

Installing apm...
=> Took 73342ms.

Deleting old packages...
=> Took 328ms.

Installing modules [32m✓
[39mInstalling atom-dark-syntax@0.27.0 [32m✓
[39mInstalling atom-dark-ui@0.51.0 [32m✓
[39mInstalling atom-light-syntax@0.28.0 [32m✓
[39mInstalling atom-light-ui@0.43.0 [32m✓
[39mInstalling base16-tomorrow-dark-theme@1.1.0 [32m✓
[39mInstalling base16-tomorrow-light-theme@1.1.1 [32m✓
[39mInstalling one-dark-ui@1.1.9 [32m✓
[39mInstalling one-light-ui@1.1.9 [32m✓
[39mInstalling one-dark-syntax@1.2.0 [32m✓
[39mInstalling one-light-syntax@1.2.0 [32m✓
[39mInstalling solarized-dark-syntax@1.0.0 [32m✓
[39mInstalling solarized-light-syntax@1.0.0 [32m✓
[39mInstalling about@1.3.0 [32m✓
[39mInstalling archive-view@0.61.0 [32m✓
[39mInstalling autocomplete-atom-api@0.10.0 [32m✓
[39mInstalling autocomplete-css@0.11.0 [32m✓
[39mInstalling autocomplete-html@0.7.2 [32m✓
[39mInstalling autocomplete-plus@2.25.0 [32m✓
[39mInstalling autocomplete-snippets@1.10.0 [32m✓
[39mInstalling autoflow@0.27.0 [32m✓
[39mInstalling autosave@0.23.0 [32m✓
[39mInstalling background-tips@0.26.0 [32m✓
[39mInstalling bookmarks@0.38.2 [32m✓
[39mInstalling bracket-matcher@0.79.0 [32m✓
[39mInstalling command-palette@0.38.0 [32m✓
[39mInstalling deprecation-cop@0.54.0 [32m✓
[39mInstalling dev-live-reload@0.47.0 [32m✓
[39mInstalling encoding-selector@0.21.0 [32m✓
[39mInstalling find-and-replace@0.197.4 [32m✓
[39mInstalling fuzzy-finder@0.94.0 [32m✓
[39mInstalling git-diff@0.57.0 [32m✓
[39mInstalling go-to-line@0.30.0 [32m✓
[39mInstalling grammar-selector@0.48.0 [32m✓
[39mInstalling image-view@0.56.0 [32m✓
[39mInstalling incompatible-packages@0.25.0 [32m✓
[39mInstalling keybinding-resolver@0.33.0 [32m✓
[39mInstalling line-ending-selector@0.3.0 [32m✓
[39mInstalling link@0.31.0 [32m✓
[39mInstalling markdown-preview@0.157.2 [32m✓
[39mInstalling notifications@0.62.1 [32m✓
[39mInstalling open-on-github@0.41.0 [32m✓
[39mInstalling package-generator@0.41.0 [32m✓
[39mInstalling settings-view@0.232.3 [32m✓
[39mInstalling snippets@1.0.1 [32m✓
[39mInstalling spell-check@0.65.0 [32m✓
[39mInstalling status-bar@0.83.0 [32m✓
[39mInstalling styleguide@0.45.1 [32m✓
[39mInstalling symbols-view@0.110.1 [32m✓
[39mInstalling tabs@0.91.3 [32m✓
[39mInstalling timecop@0.33.0 [32m✓
[39mInstalling tree-view@0.203.2 [32m✓
[39mInstalling update-package-dependencies@0.10.0 [32m✓
[39mInstalling welcome@0.33.0 [32m✓
[39mInstalling whitespace@0.32.1 [32m✓
[39mInstalling wrap-guide@0.38.1 [32m✓
[39mInstalling language-c@0.51.1 [32m✓
[39mInstalling language-clojure@0.19.1 [32m✓
[39mInstalling language-coffee-script@0.46.0 [32m✓
[39mInstalling language-csharp@0.11.0 [32m✓
[39mInstalling language-css@0.36.0 [32m✓
[39mInstalling language-gfm@0.84.0 [32m✓
[39mInstalling language-git@0.12.1 [32m✓
[39mInstalling language-go@0.42.0 [32m✓
[39mInstalling language-html@0.44.0 [32m✓
[39mInstalling language-hyperlink@0.16.0 [32m✓
[39mInstalling language-java@0.17.0 [32m✓
[39mInstalling language-javascript@0.110.0 [32m✓
[39mInstalling language-json@0.17.4 [32m✓
[39mInstalling language-less@0.29.0 [32m✓
[39mInstalling language-make@0.21.0 [32m✓
[39mInstalling language-mustache@0.13.0 [32m✓
[39mInstalling language-objective-c@0.15.1 [32m✓
[39mInstalling language-perl@0.32.0 [32m✓
[39mInstalling language-php@0.37.0 [32m✓
[39mInstalling language-property-list@0.8.0 [32m✓
[39mInstalling language-python@0.43.0 [32m✓
[39mInstalling language-ruby@0.68.0 [32m✓
[39mInstalling language-ruby-on-rails@0.25.0 [32m✓
[39mInstalling language-sass@0.45.0 [32m✓
[39mInstalling language-shellscript@0.21.0 [32m✓
[39mInstalling language-source@0.9.0 [32m✓
[39mInstalling language-sql@0.20.0 [32m✓
[39mInstalling language-text@0.7.0 [32m✓
[39mInstalling language-todo@0.27.0 [32m✓
[39mInstalling language-toml@0.18.0 [32m✓
[39mInstalling language-xml@0.34.2 [32m✓
[39mInstalling language-yaml@0.25.1 [32m✓
[39m=> Took 751330ms.

Deduping modules [32m✓
[39m=> Took 31215ms.

[4mRunning "download-electron" task[24m


[4mRunning "download-electron-chromedriver" task[24m


[4mRunning "build" task[24m

[4mRunning "babel:dist" (babel) task[24m

[4mRunning "coffee:glob_to_multiple" (coffee) task[24m
[32m>> [39m329 files created.

[4mRunning "prebuild-less:src" (prebuild-less) task[24m
[32m>> [39m1891 files compiled, 0 files reused

[4mRunning "cson:glob_to_multiple" (cson) task[24m
[32m>> [39m172 files compiled to JSON.

[4mRunning "peg:glob_to_multiple" (peg) task[24m
Generating parser from "node_modules/snippets/lib/snippet-body.pegjs"...
Parser "/build/atom-editor/src/atom-build/Atom/resources/app/node_modules/snippets/lib/snippet-body.js" generated in 32ms.

[4mRunning "generate-license:save" (generate-license) task[24m

[4mRunning "generate-module-cache" task[24m

[4mRunning "compile-packages-slug" task[24m

[4mRunning "set-version" task[24m

[4mRunning "generate-asar" task[24m

[32mDone, without errors.[39m


Execution Time (2016-03-25 16:04:46 UTC)
download-electron               3m 38.3s  ▇▇▇▇▇▇▇▇▇▇▇▇▇▇▇▇▇▇▇▇▇▇▇ 74%
download-electron-chromedriver      8.7s  ▇ 3%
build                               6.6s  ▇ 2%
coffee:glob_to_multiple            14.6s  ▇▇ 5%
prebuild-less:src                    35s  ▇▇▇▇ 12%
cson:glob_to_multiple               3.1s  ▇ 1%
generate-asar                       5.6s  ▇ 2%
Total 4m 56.9s

